<?xml version="1.0" encoding="utf-8"?><testsuites><testsuite name="pytest" errors="0" failures="0" skipped="0" tests="7" time="1.318" timestamp="2023-07-09T04:38:12.022953" hostname="e93b259a4615"><testcase classname="src.tests.application.useCases.test_CentroUseCase" name="test_save_centro[centroSent0]" time="0.109" /><testcase classname="src.tests.application.useCases.test_CentroUseCase" name="test_save_centro[centroSent1]" time="0.139" /><testcase classname="src.tests.application.useCases.test_RelatorioUseCase" name="test_save_relatorio_valido[relatorioSent0]" time="0.096" /><testcase classname="src.tests.application.useCases.test_RelatorioUseCase" name="test_save_relatorio_valido[relatorioSent1]" time="0.002" /><testcase classname="src.tests.domain.repositories.test_centro_repository" name="test_save_new_centro" time="0.015" /><testcase classname="src.tests.domain.repositories.test_centro_repository" name="test_invalidateCentro" time="0.005" /><testcase classname="src.tests.domain.repositories.test_centro_repository" name="test_validateCentro" time="0.008" /></testsuite></testsuites>